<?xml version="1.0" encoding="UTF-8"?>
<!-- Generated by org.testng.reporters.JUnitReportReporter -->
<testsuite hostname="QT-INBG-LT0328" failures="0" tests="1" name="auto.Order" time="12.656" errors="0" timestamp="2022-07-18T13:00:47 IST" skipped="0">
  <testcase classname="auto.Order" name="order" time="12.656"/>
  <system-out/>
</testsuite> <!-- auto.Order -->
