<?xml version="1.0" encoding="UTF-8"?>
<!-- Generated by org.testng.reporters.JUnitReportReporter -->
<testsuite hostname="QT-INBG-LT0328" failures="0" tests="1" name="auto.SignIn" time="12.155" errors="0" timestamp="2022-07-18T12:59:20 IST" skipped="0">
  <testcase classname="auto.SignIn" name="Signup" time="12.155"/>
  <system-out/>
</testsuite> <!-- auto.SignIn -->
