<?xml version="1.0" encoding="UTF-8"?>
<!-- Generated by org.testng.reporters.JUnitReportReporter -->
<testsuite hostname="QT-INBG-LT0328" failures="0" tests="3" name="auto.Loginpage" time="18.156" errors="0" timestamp="2022-07-18T12:59:20 IST" skipped="0">
  <testcase classname="auto.Loginpage" name="log" time="6.543"/>
  <system-out/>
  <testcase classname="auto.Loginpage" name="log" time="5.896"/>
  <system-out/>
  <testcase classname="auto.Loginpage" name="log" time="5.717"/>
  <system-out/>
</testsuite> <!-- auto.Loginpage -->
